Game  1 Start = 510 Stop = 530
Player  1 : "Fuzz Fuzz"
Player  2 : "Fuzz Buzz"
Player  3 : "Fuzz"
Player  2 : "Fuzz"
Player  3 : "Fuzz"
Player  2 : "Fuzz Fuzz Fuzz"
Player  3 : "Fuzz"
Player  2 : "Fuzz"
Player  3 : "Fuzz Buzz"
Player  4 : "Fuzz"
Player  3 : "Fuzz Fuzz"
Player  2 : "Fuzz"
Player  3 : "Fuzz"
Player  2 : "Fuzz"
Player  3 : "Fuzz"
Player  2 : "Fuzz Fuzz Fuzz Buzz"
Player  1 : "Fuzz"
Player  2 : "Fuzz"
Player  1 : "Fuzz"
Player  2 : "Fuzz"
Player  1 : "Fuzz Fuzz"

Game  2 Start = 70 Stop = 80
Player  1 : "Fuzz Buzz"
Player  1 : "71"
Player  1 : "72"
Player  1 : "73"
Player  1 : "74"
Player  1 : "Fuzz Fuzz"
Player  1 : "76"
Player  1 : "Buzz"
Player  1 : "78"
Player  1 : "79"
Player  1 : "Fuzz"

Game  3 Start = 540 Stop = 560
Player  1 : "Fuzz Fuzz"
Player  2 : "Fuzz"
Player  1 : "Fuzz"
Player  2 : "Fuzz"
Player  1 : "Fuzz"
Player  2 : "Fuzz Fuzz Fuzz"
Player  1 : "Fuzz Buzz"
Player  7 : "Fuzz"
Player  1 : "Fuzz"
Player  7 : "Fuzz"
Player  1 : "Fuzz Fuzz Fuzz"
Player  7 : "Fuzz Fuzz"
Player  6 : "Fuzz Fuzz"
Player  5 : "Fuzz Fuzz Buzz"
Player  6 : "Fuzz Fuzz"
Player  7 : "Fuzz Fuzz Fuzz Fuzz"
Player  1 : "Fuzz Fuzz"
Player  2 : "Fuzz Fuzz"
Player  3 : "Fuzz Fuzz"
Player  4 : "Fuzz Fuzz"
Player  5 : "Fuzz Fuzz Buzz"

Game  4 Start = 1 Stop = 1
Player  1 : "1"

Game  5 Start = 5 Stop = 7
Player  1 : "Fuzz Fuzz"
Player  2 : "6"
Player  3 : "Buzz"

Game  6 Start = 43 Stop = 59
Player  1 : "43"
Player  2 : "44"
Player  3 : "Fuzz Fuzz"
Player  4 : "46"
Player  5 : "47"
Player  6 : "48"
Player  7 : "Buzz"
Player  6 : "Fuzz Fuzz"
Player  5 : "Fuzz"
Player  6 : "Fuzz"
Player  5 : "Fuzz"
Player  6 : "Fuzz"
Player  5 : "Fuzz Fuzz Fuzz"
Player  6 : "Fuzz Buzz"
Player  7 : "Fuzz"
Player  6 : "Fuzz"
Player  7 : "Fuzz"

Game  7 Start = 36 Stop = 39
Player  1 : "36"
Player  2 : "37"
Player  1 : "38"
Player  2 : "39"

